<?xml version="1.0" encoding="UTF-8"?>
<!-- Generated by org.testng.reporters.JUnitReportReporter -->
<testsuite hostname="DESKTOP-V4041T8" failures="0" tests="7" name="testNG.TestCase1" time="0.014" errors="0" timestamp="23 May 2021 13:44:37 GMT" skipped="1">
  <testcase classname="testNG.TestCase1" name="LoanTest1" time="0.001"/>
  <testcase classname="testNG.TestCase1" name="CreditTest2" time="0.001"/>
  <testcase classname="testNG.TestCase1" name="test3" time="0.002"/>
  <testcase classname="testNG.TestCase1" name="CreditTest3" time="0.001"/>
  <testcase classname="testNG.TestCase1" name="test1" time="0.002"/>
  <testcase classname="testNG.TestCase1" name="CreditTest1" time="0.007"/>
  <testcase classname="testNG.TestCase1" name="test2">
    <skipped/>
  </testcase> <!-- test2 -->
</testsuite> <!-- testNG.TestCase1 -->
