<?xml version="1.0" encoding="UTF-8"?>
<!-- Generated by org.testng.reporters.JUnitReportReporter -->
<testsuite hostname="DESKTOP-V4041T8" failures="0" tests="3" name="test.LoginTest" time="13.200" errors="0" timestamp="23 May 2021 14:53:10 GMT" skipped="2">
  <testcase classname="test.LoginTest" name="loginExcel" time="13.200"/>
  <testcase classname="test.LoginTest" name="loginDefaults">
    <skipped/>
  </testcase> <!-- loginDefaults -->
  <testcase classname="test.LoginTest" name="loginParameters">
    <skipped/>
  </testcase> <!-- loginParameters -->
</testsuite> <!-- test.LoginTest -->
