<?xml version="1.0" encoding="UTF-8"?>
<!-- Generated by org.testng.reporters.JUnitReportReporter -->
<testsuite skipped="2" hostname="DESKTOP-V4041T8" name="test.LoginTest" tests="3" failures="0" timestamp="23 May 2021 15:16:51 GMT" time="12.276" errors="0">
  <testcase name="loginExcel" time="12.276" classname="test.LoginTest"/>
  <testcase name="loginDefaults" classname="test.LoginTest">
    <skipped/>
  </testcase> <!-- loginDefaults -->
  <testcase name="loginParameters" classname="test.LoginTest">
    <skipped/>
  </testcase> <!-- loginParameters -->
</testsuite> <!-- test.LoginTest -->
