<?xml version="1.0" encoding="UTF-8"?>
<!-- Generated by org.testng.reporters.JUnitReportReporter -->
<testsuite skipped="0" hostname="DESKTOP-V4041T8" name="test.LoginTest" tests="1" failures="0" timestamp="22 May 2021 19:06:15 GMT" time="13.965" errors="0">
  <testcase name="login" time="13.965" classname="test.LoginTest"/>
</testsuite> <!-- test.LoginTest -->
